2025-08-27 19:49:27:INFO:****************test_title_verification started***************************
2025-08-27 19:49:30:INFO:******************actual title and expected title matched****************************
2025-08-27 19:49:32:INFO:*******************test_valid_admin_login started****************************
2025-08-27 19:49:44:INFO:******************actual dashboard title and expected dashboard title matched****************************
2025-08-27 19:49:46:INFO:******************test_invalid_admin_login started**************************
2025-08-27 19:49:49:INFO:*******************Actual error message and expected error message matched**************************
2025-08-27 20:26:30:INFO:****************test_title_verification started***************************
2025-08-27 20:26:33:INFO:******************actual title and expected title matched****************************
2025-08-27 20:26:41:INFO:*******************test_valid_admin_login started****************************
2025-08-27 20:26:44:INFO:******************actual dashboard title and expected dashboard title matched****************************
2025-08-27 20:26:52:INFO:******************test_invalid_admin_login started**************************
2025-08-27 20:26:56:INFO:*******************Actual error message and expected error message matched**************************
2025-08-27 20:27:10:INFO:****************test_title_verification started***************************
2025-08-27 20:27:11:INFO:******************actual title and expected title matched****************************
2025-08-27 20:27:13:INFO:*******************test_valid_admin_login started****************************
2025-08-27 20:27:17:INFO:******************actual dashboard title and expected dashboard title matched****************************
2025-08-27 20:27:19:INFO:******************test_invalid_admin_login started**************************
2025-08-27 20:27:22:INFO:*******************Actual error message and expected error message matched**************************
2025-08-29 18:03:58:INFO:******************test_invalid_admin_login started**************************
2025-08-29 18:04:00:INFO:*******************test_valid_admin_login started****************************
2025-08-29 18:04:01:INFO:****************test_title_verification started***************************
2025-08-29 18:04:03:INFO:******************actual title and expected title matched****************************
2025-08-29 18:04:04:INFO:*******************Actual error message and expected error message matched**************************
2025-08-29 18:04:05:INFO:******************actual dashboard title and expected dashboard title matched****************************
2025-08-29 18:20:10:INFO:****************test_title_verification started***************************
2025-08-29 18:20:11:INFO:******************actual title and expected title matched****************************
2025-08-29 18:20:13:INFO:*******************test_valid_admin_login started****************************
2025-08-29 18:20:17:INFO:******************actual dashboard title and expected dashboard title matched****************************
2025-08-29 18:20:19:INFO:******************test_invalid_admin_login started**************************
2025-08-29 18:20:22:INFO:*******************Actual error message and expected error message matched**************************
2025-08-29 18:46:32:INFO:****************test_title_verification started***************************
2025-08-29 18:46:33:INFO:******************actual title and expected title matched****************************
2025-08-29 18:46:35:INFO:*******************test_valid_admin_login started****************************
2025-08-29 18:46:39:INFO:******************actual dashboard title and expected dashboard title matched****************************
2025-08-29 18:46:41:INFO:******************test_invalid_admin_login started**************************
2025-08-29 18:46:43:INFO:*******************Actual error message and expected error message matched**************************
2025-08-31 18:07:03:INFO:*******************test_valid_admin_login_data_driven started****************************
2025-08-31 18:07:12:INFO:Test data is passed
2025-08-31 18:07:19:INFO:Test data is passed
2025-08-31 18:10:41:INFO:*******************test_valid_admin_login_data_driven started****************************
2025-08-31 18:10:51:INFO:Test data is passed
2025-08-31 18:10:59:INFO:Test data is passed
2025-08-31 18:17:05:INFO:*******************test_valid_admin_login_data_driven started****************************
2025-08-31 18:17:15:INFO:Test data is passed
2025-08-31 18:21:13:INFO:*******************test_valid_admin_login_data_driven started****************************
2025-08-31 18:21:22:INFO:Test data is passed
2025-08-31 18:21:29:INFO:Test data is passed
2025-08-31 18:22:23:INFO:*******************test_valid_admin_login_data_driven started****************************
2025-08-31 18:22:31:INFO:Test data is passed
2025-08-31 18:22:38:INFO:Test data is passed
2025-08-31 18:23:51:INFO:*******************test_valid_admin_login_data_driven started****************************
2025-08-31 18:24:00:INFO:Test data is passed
2025-08-31 18:24:07:INFO:Test data is passed
2025-08-31 18:24:13:INFO:Test data is passed
2025-08-31 18:24:13:INFO:Test admin data driven is passed
2025-10-05 21:20:59:INFO:****************test_title_verification started***************************
2025-10-05 21:21:00:INFO:*******************test_valid_admin_login started****************************
2025-10-05 21:21:09:INFO:******************actual dashboard title and expected dashboard title matched****************************
2025-10-05 21:21:10:INFO:******************test_invalid_admin_login started**************************
2025-10-05 21:21:13:INFO:*******************Actual error message and expected error message matched**************************
2025-10-05 21:23:39:INFO:****************test_title_verification started***************************
2025-10-05 21:23:40:INFO:******************actual title and expected title matched****************************
2025-10-05 21:23:42:INFO:*******************test_valid_admin_login started****************************
2025-10-05 21:23:46:INFO:******************actual dashboard title and expected dashboard title matched****************************
2025-10-05 21:23:48:INFO:******************test_invalid_admin_login started**************************
2025-10-05 21:23:50:INFO:*******************Actual error message and expected error message matched**************************
2025-10-05 21:32:01:INFO:*********Add new customer started************
2025-10-05 21:32:05:INFO:**********Successfully logged into nopcommerce website*********
2025-10-05 21:32:05:INFO:***********add_new_customer started***********
2025-10-08 21:55:59:INFO:*********Add new customer started************
2025-10-08 21:56:05:INFO:**********Successfully logged into nopcommerce website*********
2025-10-08 21:56:05:INFO:***********add_new_customer started***********
2025-10-08 22:17:22:INFO:*********Add new customer started************
2025-10-08 22:17:27:INFO:**********Successfully logged into nopcommerce website*********
2025-10-08 22:17:27:INFO:***********add_new_customer started***********
2025-10-08 22:21:22:INFO:*********Add new customer started************
2025-10-08 22:21:28:INFO:**********Successfully logged into nopcommerce website*********
2025-10-08 22:21:28:INFO:***********add_new_customer started***********
2025-10-08 22:21:28:INFO:*******Add_Customer_Page***********
2025-10-08 22:21:29:INFO:*******clicked on click_customers***********
2025-10-08 22:21:30:INFO:*******clicked on click_customers_in_menu***********
2025-10-08 22:23:41:INFO:*********Add new customer started************
2025-10-08 22:23:47:INFO:**********Successfully logged into nopcommerce website*********
2025-10-08 22:23:47:INFO:***********add_new_customer started***********
2025-10-08 22:23:47:INFO:*******Add_Customer_Page***********
2025-10-08 22:23:48:INFO:*******clicked on click_customers***********
2025-10-08 22:23:49:INFO:*******clicked on click_customers_in_menu***********
2025-10-08 22:23:50:INFO:*******Clicked on Add new user***********
2025-10-08 22:23:50:INFO:*******Providing customer info started***********
2025-10-08 22:43:47:INFO:*********Add new customer started************
2025-10-08 22:43:52:INFO:**********Successfully logged into nopcommerce website*********
2025-10-08 22:44:10:INFO:*********Add new customer started************
2025-10-08 22:44:15:INFO:**********Successfully logged into nopcommerce website*********
2025-10-08 22:44:18:INFO:*******Providing customer info started***********
2025-10-08 22:48:21:INFO:*********Add new customer started************
2025-10-08 22:48:25:INFO:**********Successfully logged into nopcommerce website*********
2025-10-08 22:48:28:INFO:*******Providing customer info started***********
2025-10-08 22:52:21:INFO:*********Add new customer started************
2025-10-08 22:52:26:INFO:**********Successfully logged into nopcommerce website*********
2025-10-08 22:52:28:INFO:*******Providing customer info started***********
2025-10-08 22:57:34:INFO:*********Add new customer started************
2025-10-08 22:57:38:INFO:**********Successfully logged into nopcommerce website*********
2025-10-08 22:57:42:INFO:*******Providing customer info started***********
2025-10-08 22:59:29:INFO:*********Add new customer started************
2025-10-08 22:59:35:INFO:**********Successfully logged into nopcommerce website*********
2025-10-08 22:59:39:INFO:*******Providing customer info started***********
2025-10-08 23:10:36:INFO:*********Add new customer started************
2025-10-08 23:10:42:INFO:**********Successfully logged into nopcommerce website*********
2025-10-08 23:10:44:INFO:*******Providing customer info started***********
2025-10-08 23:13:56:INFO:*********Add new customer started************
2025-10-08 23:14:01:INFO:**********Successfully logged into nopcommerce website*********
2025-10-08 23:14:05:INFO:*******Providing customer info started***********
2025-10-08 23:14:06:INFO:*******select_newsletter over***********
2025-10-08 23:18:45:INFO:*********Add new customer started************
2025-10-08 23:18:51:INFO:**********Successfully logged into nopcommerce website*********
2025-10-08 23:18:55:INFO:*******Providing customer info started***********
2025-10-08 23:18:56:INFO:*******select_newsletter over***********
2025-10-08 23:21:50:INFO:*********Add new customer started************
2025-10-08 23:21:54:INFO:**********Successfully logged into nopcommerce website*********
2025-10-08 23:21:58:INFO:*******Providing customer info started***********
2025-10-08 23:22:00:INFO:*******select_newsletter over***********
2025-10-08 23:24:09:INFO:*********Add new customer started************
2025-10-08 23:24:13:INFO:**********Successfully logged into nopcommerce website*********
2025-10-08 23:24:16:INFO:*******Providing customer info started***********
2025-10-08 23:24:18:INFO:*******select_newsletter over***********
2025-10-09 11:10:27:INFO:*********Add new customer started************
2025-10-09 11:10:41:INFO:**********Successfully logged into nopcommerce website*********
2025-10-09 11:11:05:INFO:*********Add new customer started************
2025-10-09 11:11:13:INFO:**********Successfully logged into nopcommerce website*********
2025-10-09 11:11:18:INFO:*******Providing customer info started***********
2025-10-09 11:11:20:INFO:*******select_newsletter over***********
2025-10-09 11:35:07:INFO:*********Add new customer started************
2025-10-09 11:35:12:INFO:**********Successfully logged into nopcommerce website*********
2025-10-09 11:35:15:INFO:*******Providing customer info started***********
2025-10-09 11:35:23:INFO:*****************Test_03_Add_NewUser passed*************
2025-10-09 11:37:54:INFO:*********Add new customer started************
2025-10-09 11:38:00:INFO:**********Successfully logged into nopcommerce website*********
2025-10-09 11:38:05:INFO:*******Providing customer info started***********
2025-10-09 11:38:13:INFO:*****************Test_03_Add_NewUser passed*************
2025-10-09 11:41:52:INFO:*********Add new customer started************
2025-10-09 11:41:58:INFO:**********Successfully logged into nopcommerce website*********
2025-10-09 11:42:01:INFO:*******Providing customer info started***********
2025-10-09 11:42:07:INFO:*****************Test_03_Add_NewUser passed*************
2025-10-09 18:41:57:INFO:*********Search customer by email started************
2025-10-09 18:42:02:INFO:**********Successfully logged into nopcommerce website*********
2025-10-09 18:42:02:INFO:**********Successfully navigated to customer search page*********
2025-10-09 18:42:14:INFO:*********Search customer by name started************
2025-10-09 18:42:29:INFO:**********Successfully logged into nopcommerce website*********
2025-10-09 18:42:29:INFO:**********Successfully navigated to customer search page*********
2025-10-09 18:42:30:INFO:**********Starting search customer by name*********
2025-10-09 18:42:45:INFO:*********Search customer by company name started************
2025-10-09 18:42:50:INFO:**********Successfully logged into nopcommerce website*********
2025-10-09 18:42:50:INFO:**********Successfully navigated to customer search page*********
2025-10-10 21:04:33:INFO:*********Search customer by email started************
2025-10-10 21:04:38:INFO:**********Successfully logged into nopcommerce website*********
2025-10-10 21:04:38:INFO:**********Successfully navigated to customer search page*********
2025-10-10 21:04:40:INFO:**********Starting search customer by email*********
2025-10-10 21:04:41:INFO:**********Successfully clicked on search button*********
2025-10-12 17:51:00:INFO:*********Search customer by email started************
2025-10-12 17:51:04:INFO:**********Successfully logged into nopcommerce website*********
2025-10-12 17:51:04:INFO:**********Successfully navigated to customer search page*********
2025-10-12 17:51:06:INFO:**********Starting search customer by email*********
2025-10-12 17:51:07:INFO:**********Successfully clicked on search button*********
2025-10-12 18:06:54:INFO:*********Search customer by email started************
2025-10-12 18:07:03:INFO:**********Successfully logged into nopcommerce website*********
2025-10-12 18:07:03:INFO:**********Successfully navigated to customer search page*********
2025-10-12 18:07:24:INFO:*********Search customer by email started************
2025-10-12 18:07:28:INFO:**********Successfully logged into nopcommerce website*********
2025-10-12 18:07:28:INFO:**********Successfully navigated to customer search page*********
2025-10-12 18:08:43:INFO:*********Search customer by email started************
2025-10-12 18:08:47:INFO:**********Successfully logged into nopcommerce website*********
2025-10-12 18:08:47:INFO:**********Successfully navigated to customer search page*********
2025-10-12 18:08:49:INFO:**********Starting search customer by email*********
2025-10-12 18:08:50:INFO:**********Successfully clicked on search button*********
2025-10-12 18:09:33:INFO:*********Search customer by email started************
2025-10-12 18:09:37:INFO:**********Successfully logged into nopcommerce website*********
2025-10-12 18:09:37:INFO:**********Successfully navigated to customer search page*********
2025-10-12 18:09:39:INFO:**********Starting search customer by email*********
2025-10-12 18:09:40:INFO:**********Successfully clicked on search button*********
2025-10-12 18:09:42:INFO:**********Test_04_test_search_customer_by_email Passed Successfully*********
2025-10-12 18:14:55:INFO:*********Search customer by email started************
2025-10-12 18:15:00:INFO:**********Successfully logged into nopcommerce website*********
2025-10-12 18:15:00:INFO:**********Successfully navigated to customer search page*********
2025-10-12 18:15:02:INFO:**********Starting search customer by email*********
2025-10-12 18:15:03:INFO:**********Successfully clicked on search button*********
2025-10-12 18:15:05:INFO:**********Test_04_test_search_customer_by_email Passed Successfully*********
2025-10-12 18:15:07:INFO:*********Search customer by name started************
2025-10-12 18:15:11:INFO:**********Successfully logged into nopcommerce website*********
2025-10-12 18:15:11:INFO:**********Successfully navigated to customer search page*********
2025-10-12 18:15:23:INFO:*********Search customer by company name started************
2025-10-12 18:15:31:INFO:**********Successfully logged into nopcommerce website*********
2025-10-12 18:15:31:INFO:**********Successfully navigated to customer search page*********
2025-10-12 18:15:32:INFO:**********Starting search customer by company name*********
2025-10-12 18:29:45:INFO:*********Search customer by name started************
2025-10-12 18:29:50:INFO:**********Successfully logged into nopcommerce website*********
2025-10-12 18:29:50:INFO:**********Successfully navigated to customer search page*********
2025-10-12 18:34:36:INFO:*********Search customer by name started************
2025-10-12 18:34:46:INFO:**********Successfully logged into nopcommerce website*********
2025-10-12 18:34:46:INFO:**********Successfully navigated to customer search page*********
2025-10-12 18:34:47:INFO:**********Starting search customer by name*********
2025-10-12 18:34:50:INFO:*********Test_04_search_customer_by_name successfully PASSED**********
2025-10-12 18:35:33:INFO:*********Search customer by email started************
2025-10-12 18:35:38:INFO:**********Successfully logged into nopcommerce website*********
2025-10-12 18:35:38:INFO:**********Successfully navigated to customer search page*********
2025-10-12 18:35:50:INFO:*********Search customer by name started************
2025-10-12 18:36:05:INFO:**********Successfully logged into nopcommerce website*********
2025-10-12 18:36:05:INFO:**********Successfully navigated to customer search page*********
2025-10-12 18:36:17:INFO:*********Search customer by company name started************
2025-10-12 18:36:22:INFO:**********Successfully logged into nopcommerce website*********
2025-10-12 18:36:22:INFO:**********Successfully navigated to customer search page*********
2025-10-13 21:40:32:INFO:*********Add new customer started************
2025-10-13 21:40:36:INFO:**********Successfully logged into nopcommerce website*********
2025-10-13 21:40:39:INFO:*******Providing customer info started***********
2025-10-13 21:40:43:INFO:*****************Test_03_Add_NewUser passed*************
2025-10-13 21:40:45:INFO:*******************test_valid_admin_login started****************************
2025-10-13 21:40:49:INFO:******************actual dashboard title and expected dashboard title matched****************************
2025-10-13 21:40:51:INFO:*********Search customer by email started************
2025-10-13 21:40:55:INFO:**********Successfully logged into nopcommerce website*********
2025-10-13 21:40:55:INFO:**********Successfully navigated to customer search page*********
2025-10-13 21:40:56:INFO:**********Starting search customer by email*********
2025-10-13 21:40:57:INFO:**********Successfully clicked on search button*********
2025-10-13 21:40:59:INFO:**********Test_04_test_search_customer_by_email Passed Successfully*********
2025-10-13 22:11:05:INFO:*********Add new customer started************
2025-10-13 22:11:09:INFO:**********Successfully logged into nopcommerce website*********
2025-10-13 22:11:11:INFO:*******Providing customer info started***********
2025-10-13 22:11:15:INFO:*****************Test_03_Add_NewUser passed*************
2025-10-13 22:11:17:INFO:*******************test_valid_admin_login started****************************
2025-10-13 22:11:22:INFO:******************actual dashboard title and expected dashboard title matched****************************
2025-10-13 22:11:23:INFO:*********Search customer by email started************
2025-10-13 22:11:29:INFO:**********Successfully logged into nopcommerce website*********
2025-10-13 22:11:29:INFO:**********Successfully navigated to customer search page*********
2025-10-13 22:11:31:INFO:**********Starting search customer by email*********
2025-10-13 22:11:31:INFO:**********Successfully clicked on search button*********
2025-10-13 22:11:34:INFO:**********Test_04_test_search_customer_by_email Passed Successfully*********
